2022-06-25T19:33:53+00:00 ERROR Error getting data feed
2022-06-25T19:33:53+00:00 ERROR WP_Error Object
(
    [errors] => Array
        (
            [http_request_failed] => Array
                (
                    [0] => cURL error 6: Could not resolve host: woocommerce.com
                )

        )

    [error_data] => Array
        (
        )

    [additional_data:protected] => Array
        (
        )

)

2022-06-25T19:33:53+00:00 ERROR Error getting data feed
2022-06-25T19:33:53+00:00 ERROR WP_Error Object
(
    [errors] => Array
        (
            [http_request_failed] => Array
                (
                    [0] => cURL error 6: Could not resolve host: woocommerce.com
                )

        )

    [error_data] => Array
        (
        )

    [additional_data:protected] => Array
        (
        )

)

2022-06-25T19:33:53+00:00 ERROR Error getting data feed
2022-06-25T19:33:53+00:00 ERROR WP_Error Object
(
    [errors] => Array
        (
            [http_request_failed] => Array
                (
                    [0] => cURL error 6: Could not resolve host: woocommerce.com
                )

        )

    [error_data] => Array
        (
        )

    [additional_data:protected] => Array
        (
        )

)

2022-06-25T19:33:53+00:00 ERROR Error getting data feed
2022-06-25T19:33:53+00:00 ERROR WP_Error Object
(
    [errors] => Array
        (
            [http_request_failed] => Array
                (
                    [0] => cURL error 6: Could not resolve host: woocommerce.com
                )

        )

    [error_data] => Array
        (
        )

    [additional_data:protected] => Array
        (
        )

)

2022-06-25T19:33:53+00:00 ERROR Error getting data feed
2022-06-25T19:33:53+00:00 ERROR WP_Error Object
(
    [errors] => Array
        (
            [http_request_failed] => Array
                (
                    [0] => cURL error 6: Could not resolve host: woocommerce.com
                )

        )

    [error_data] => Array
        (
        )

    [additional_data:protected] => Array
        (
        )

)

2022-06-25T19:33:53+00:00 ERROR Error getting data feed
2022-06-25T19:33:53+00:00 ERROR WP_Error Object
(
    [errors] => Array
        (
            [http_request_failed] => Array
                (
                    [0] => cURL error 6: Could not resolve host: woocommerce.com
                )

        )

    [error_data] => Array
        (
        )

    [additional_data:protected] => Array
        (
        )

)

2022-06-25T19:33:53+00:00 ERROR Error getting data feed
2022-06-25T19:33:53+00:00 ERROR WP_Error Object
(
    [errors] => Array
        (
            [http_request_failed] => Array
                (
                    [0] => cURL error 6: Could not resolve host: woocommerce.com
                )

        )

    [error_data] => Array
        (
        )

    [additional_data:protected] => Array
        (
        )

)

2022-06-25T19:33:53+00:00 ERROR Error getting data feed
2022-06-25T19:33:53+00:00 ERROR WP_Error Object
(
    [errors] => Array
        (
            [http_request_failed] => Array
                (
                    [0] => cURL error 6: Could not resolve host: woocommerce.com
                )

        )

    [error_data] => Array
        (
        )

    [additional_data:protected] => Array
        (
        )

)

2022-06-25T19:33:53+00:00 ERROR Error getting data feed
2022-06-25T19:33:53+00:00 ERROR WP_Error Object
(
    [errors] => Array
        (
            [http_request_failed] => Array
                (
                    [0] => cURL error 6: Could not resolve host: woocommerce.com
                )

        )

    [error_data] => Array
        (
        )

    [additional_data:protected] => Array
        (
        )

)

2022-06-25T19:33:57+00:00 ERROR Error getting data feed
2022-06-25T19:33:57+00:00 ERROR WP_Error Object
(
    [errors] => Array
        (
            [http_request_failed] => Array
                (
                    [0] => cURL error 6: Could not resolve host: woocommerce.com
                )

        )

    [error_data] => Array
        (
        )

    [additional_data:protected] => Array
        (
        )

)

2022-06-25T19:33:57+00:00 ERROR Error getting data feed
2022-06-25T19:33:57+00:00 ERROR WP_Error Object
(
    [errors] => Array
        (
            [http_request_failed] => Array
                (
                    [0] => cURL error 6: Could not resolve host: woocommerce.com
                )

        )

    [error_data] => Array
        (
        )

    [additional_data:protected] => Array
        (
        )

)

2022-06-25T19:37:39+00:00 ERROR Data feed is not an array
2022-06-25T19:37:40+00:00 ERROR Data feed is not an array
2022-06-25T19:37:40+00:00 ERROR Data feed is not an array
2022-06-25T19:37:41+00:00 ERROR Data feed is not an array
2022-06-25T19:37:51+00:00 ERROR Data feed is not an array
2022-06-25T19:37:51+00:00 ERROR Data feed is not an array
2022-06-25T19:37:52+00:00 ERROR Data feed is not an array
2022-06-25T19:37:52+00:00 ERROR Data feed is not an array
